{"name": "Проверка наличия номера заказа в разделе \"В работе\" после создания заказа", "status": "broken", "statusDetails": {"message": "selenium.common.exceptions.TimeoutException: Message:", "trace": "self = <tests.test_tape_order_page.TestTapeOrderPage object at 0x000002CEA79C5510>, request = <FixtureRequest for <Function test_check_new_order_in_block_in_work[driver_firefox]>>\ndriver_browser = 'driver_firefox', log_in_account = <function log_in_account at 0x000002CEA783F010>\n\n    @allure.title('Проверка наличия номера заказа в разделе \"В работе\" после создания заказа')\n    @allure.description('В конструкторе оформляется новый заказ, сохраняется значение его номера. Выполняется переход '\n                        'в ленту заказов. Проверяется добавление номера нового заказа в раздел \"В работе\"')\n    @pytest.mark.parametrize('driver_browser', ['driver_chrome', 'driver_firefox'])\n    def test_check_new_order_in_block_in_work(self, request, driver_browser, log_in_account):\n        driver = request.getfixturevalue(driver_browser)\n        site_main_page = SiteMainPage(driver)\n        site_main_page.create_order()\n>       number_order = int(site_main_page.get_number_from_order_window())\n\ntests\\test_tape_order_page.py:118: \n_ _ _ _ _ _ _ _ _ _ _ _ _ _ _ _ _ _ _ _ _ _ _ _ _ _ _ _ _ _ _ _ _ _ _ _ _ _ _ _ _ _ _ _ _ _ _ _ _ _ _ _ _ _ _ _ _ _ _ _ _ _ _ _ _ _ _ _ _ _ _ _ _ _ _ _ _ _ _ _ _ _ _ _ _ _ _ _ _ _ _ _ _ \npages\\site_main_page.py:93: in get_number_from_order_window\n    self.wait_text_to_be_present_in_element(SiteMainPageLocators.ORDER_NUMBER_ON_DETAIL_WINDOW, '9999')\npages\\base_page.py:24: in wait_text_to_be_present_in_element\n    return WebDriverWait(self.driver, 15).until_not(expected_conditions.text_to_be_present_in_element(locator, text))\n_ _ _ _ _ _ _ _ _ _ _ _ _ _ _ _ _ _ _ _ _ _ _ _ _ _ _ _ _ _ _ _ _ _ _ _ _ _ _ _ _ _ _ _ _ _ _ _ _ _ _ _ _ _ _ _ _ _ _ _ _ _ _ _ _ _ _ _ _ _ _ _ _ _ _ _ _ _ _ _ _ _ _ _ _ _ _ _ _ _ _ _ _ \n\nself = <selenium.webdriver.support.wait.WebDriverWait (session=\"7855e571-2f05-486b-b708-f87c100f6a3e\")>\nmethod = <function text_to_be_present_in_element.<locals>._predicate at 0x000002CEA7999630>, message = ''\n\n    def until_not(self, method: Callable[[D], T], message: str = \"\") -> Union[T, Literal[True]]:\n        \"\"\"Calls the method provided with the driver as an argument until the \\\n        return value evaluates to ``False``.\n    \n        :param method: callable(WebDriver)\n        :param message: optional message for :exc:`TimeoutException`\n        :returns: the result of the last call to `method`, or\n                  ``True`` if `method` has raised one of the ignored exceptions\n        :raises: :exc:`selenium.common.exceptions.TimeoutException` if timeout occurs\n        \"\"\"\n        end_time = time.monotonic() + self._timeout\n        while True:\n            try:\n                value = method(self._driver)\n                if not value:\n                    return value\n            except self._ignored_exceptions:\n                return True\n            time.sleep(self._poll)\n            if time.monotonic() > end_time:\n                break\n>       raise TimeoutException(message)\nE       selenium.common.exceptions.TimeoutException: Message:\n\nC:\\Python3\\lib\\site-packages\\selenium\\webdriver\\support\\wait.py:128: TimeoutException"}, "description": "В конструкторе оформляется новый заказ, сохраняется значение его номера. Выполняется переход в ленту заказов. Проверяется добавление номера нового заказа в раздел \"В работе\"", "steps": [{"name": "Выполняется добавление ингредиента в корзину и клик на кнопку \"Оформить заказ\"", "status": "passed", "steps": [{"name": "Выполняется перемещение ингредиента", "status": "passed", "parameters": [{"name": "element_from", "value": "('xpath', \".//*[@alt='Флюоресцентная булка R2-D3']\")"}, {"name": "element_to", "value": "('xpath', \".//*[contains(@class, 'BurgerConstructor_basket')]\")"}], "start": 1712310224842, "stop": 1712310225381}, {"name": "Выполняется перемещение ингредиента", "status": "passed", "parameters": [{"name": "element_from", "value": "('xpath', '//*[contains(@class, \"BurgerIngredient_ingredient__image\") and @alt=\"Соус Spicy-X\"]')"}, {"name": "element_to", "value": "('xpath', \".//*[contains(@class, 'BurgerConstructor_basket')]\")"}], "start": 1712310225381, "stop": 1712310225906}], "start": 1712310224837, "stop": 1712310226130}, {"name": "Возвращается номер заказа из окна создания заказа", "status": "broken", "statusDetails": {"message": "selenium.common.exceptions.TimeoutException: Message: \n\n", "trace": "  File \"C:\\Python3\\lib\\site-packages\\allure_commons\\_allure.py\", line 192, in impl\n    return func(*a, **kw)\n  File \"C:\\Users\\migal\\Diplom\\Diplom_3\\pages\\site_main_page.py\", line 93, in get_number_from_order_window\n    self.wait_text_to_be_present_in_element(SiteMainPageLocators.ORDER_NUMBER_ON_DETAIL_WINDOW, '9999')\n  File \"C:\\Users\\migal\\Diplom\\Diplom_3\\pages\\base_page.py\", line 24, in wait_text_to_be_present_in_element\n    return WebDriverWait(self.driver, 15).until_not(expected_conditions.text_to_be_present_in_element(locator, text))\n  File \"C:\\Python3\\lib\\site-packages\\selenium\\webdriver\\support\\wait.py\", line 128, in until_not\n    raise TimeoutException(message)\n"}, "start": 1712310226130, "stop": 1712310241339}], "parameters": [{"name": "driver_browser", "value": "'driver_firefox'"}], "start": 1712310224836, "stop": 1712310241344, "uuid": "c1057650-a29b-4f78-918e-a6338c32c596", "historyId": "b957a7823436d2dc24760c083a403c13", "testCaseId": "92658fa3926d7f082974cafa7e4b5bfb", "fullName": "tests.test_tape_order_page.TestTapeOrderPage#test_check_new_order_in_block_in_work", "labels": [{"name": "parentSuite", "value": "tests"}, {"name": "suite", "value": "test_tape_order_page"}, {"name": "subSuite", "value": "TestTapeOrderPage"}, {"name": "host", "value": "LAPTOP-0C8MH8Q1"}, {"name": "thread", "value": "14676-MainThread"}, {"name": "framework", "value": "pytest"}, {"name": "language", "value": "cpython3"}, {"name": "package", "value": "tests.test_tape_order_page"}]}